<?xml version="1.0" encoding="UTF-8"?>
<testsuite xmlns:xsi="http://www.w3.org/2001/XMLSchema-instance" xsi:noNamespaceSchemaLocation="https://maven.apache.org/surefire/maven-surefire-plugin/xsd/surefire-test-report-3.0.xsd" version="3.0" name="com.epam.training.ticketservice.repository.impl.JpaAccountRepositoryTest" time="0.406" tests="6" errors="0" skipped="0" failures="0">
  <properties>
[...]
</properties>
  <testcase name="testSaveAccountMethodWithNonExistentAccount" classname="com.epam.training.ticketservice.repository.impl.JpaAccountRepositoryTest" time="0.015"/>
  <testcase name="testFindAccountMethodWithWrongUsername" classname="com.epam.training.ticketservice.repository.impl.JpaAccountRepositoryTest" time="0.003"/>
  <testcase name="testFindAccountMethod" classname="com.epam.training.ticketservice.repository.impl.JpaAccountRepositoryTest" time="0.005"/>
  <testcase name="testFindAccountMethodButUserAlreadyLoggedIn" classname="com.epam.training.ticketservice.repository.impl.JpaAccountRepositoryTest" time="0.004"/>
  <testcase name="testFindAccountMethodWithWrongPassword" classname="com.epam.training.ticketservice.repository.impl.JpaAccountRepositoryTest" time="0.003"/>
  <testcase name="testSaveAccountMethodWithExistentAccount" classname="com.epam.training.ticketservice.repository.impl.JpaAccountRepositoryTest" time="0.005"/>
</testsuite>