<?xml version="1.0" encoding="UTF-8" ?>
<testsuite tests="24" failures="0" name="com.training.epam.ticketservice.at.TestExecutor" time="591.778" errors="0" skipped="0">
  <properties>
[...]
</properties>
  <testcase classname="allow creating accounts and logging in" name="the admin account exists by default and can be logged in with the correct password" time="12.877"/>
  <testcase classname="allow creating accounts and logging in" name="the admin account can be signed out" time="15.29"/>
  <testcase classname="allow creating accounts and logging in" name="the admin account can not be logged in with incorrect password" time="13.272"/>
  <testcase classname="allow creating accounts and logging in" name="non-privileged accounts can be created and logged in with the correct password" time="19.398"/>
  <testcase classname="allow creating accounts and logging in" name="non-privileged accounts can not be logged in with the incorrect password" time="15.679"/>
  <testcase classname="allow creating accounts and logging in" name="non-privileged accounts can be signed out" time="18.351"/>
  <testcase classname="allows users to book tickets for screenings, and show booking history" name="an authenticated user can book a ticket for a screening" time="41.706"/>
  <testcase classname="allows users to book tickets for screenings, and show booking history" name="an authenticated user can not book a ticket if at least one of the seats is already taken" time="47.767"/>
  <testcase classname="allows creating movie descriptions" name="an admin user can create and list movies" time="17.675"/>
  <testcase classname="allows creating movie descriptions" name="an admin user can update a movie" time="17.422"/>
  <testcase classname="allows creating movie descriptions" name="an admin user can delete a movie" time="17.242"/>
  <testcase classname="allows creating movie descriptions" name="an unauthenticated user can list movies" time="17.412"/>
  <testcase classname="allows creating movie descriptions" name="an authenticated, non-privileged user can list movies" time="25.256"/>
  <testcase classname="allow creating, reading, updating and deleting rooms where the screenings will happen" name="an admin user can create and list rooms" time="21.133"/>
  <testcase classname="allow creating, reading, updating and deleting rooms where the screenings will happen" name="an admin user can update a room" time="22.462"/>
  <testcase classname="allow creating, reading, updating and deleting rooms where the screenings will happen" name="an admin user can delete a room" time="22.986"/>
  <testcase classname="allow creating, reading, updating and deleting rooms where the screenings will happen" name="an unauthenticated user can list rooms" time="22.41"/>
  <testcase classname="allow creating, reading, updating and deleting rooms where the screenings will happen" name="an authenticated, non-privileged user can list rooms" time="22.833"/>
  <testcase classname="allows creating, deleting and listing screenings" name="The admin user can create and query screenings" time="32.17"/>
  <testcase classname="allows creating, deleting and listing screenings" name="The admin can not create overlapping screenings in the same room" time="32.701"/>
  <testcase classname="allows creating, deleting and listing screenings" name="The admin can create overlapping screenings in different rooms" time="32.16"/>
  <testcase classname="allows creating, deleting and listing screenings" name="The admin can not create screenings during a 10 minute long breaks after another screening in the same room" time="34.002"/>
  <testcase classname="allows creating, deleting and listing screenings" name="The admin can create screenings even if there is a break after a screening in a different room" time="37.148"/>
  <testcase classname="allows creating, deleting and listing screenings" name="The admin user can delete screenings" time="32.426"/>
</testsuite>